0 info it worked if it ends with ok
1 verbose cli [ 'C:\\Program Files\\nodejs\\node.exe',
1 verbose cli   'C:\\Program Files\\nodejs\\node_modules\\npm\\bin\\npm-cli.js',
1 verbose cli   'start' ]
2 info using npm@3.10.10
3 info using node@v6.11.2
4 verbose run-script [ 'prestart', 'start', 'poststart' ]
5 info lifecycle agency@3.3.7~prestart: agency@3.3.7
6 silly lifecycle agency@3.3.7~prestart: no script for prestart, continuing
7 info lifecycle agency@3.3.7~start: agency@3.3.7
8 verbose lifecycle agency@3.3.7~start: unsafe-perm in lifecycle true
9 verbose lifecycle agency@3.3.7~start: PATH: C:\Program Files\nodejs\node_modules\npm\bin\node-gyp-bin;D:\1. POPCORNSAR\1. Dev\1. Webapp\02_개편 웹페이지(2017.08~)\04_ Project\popcornsar.new_ver2\node_modules\.bin;C:\ProgramData\Oracle\Java\javapath;C:\Program Files (x86)\Common Files\Intel\Shared Libraries\redist\intel64\compiler;C:\Windows\system32;C:\Windows;C:\Windows\System32\Wbem;C:\Windows\System32\WindowsPowerShell\v1.0\;C:\Program Files (x86)\NVIDIA Corporation\PhysX\Common;C:\Program Files (x86)\Brackets\command;C:\Program Files\Git\cmd;C:\Program Files\TortoiseGit\bin;C:\Program Files\PuTTY\;C:\Program Files\MongoDB\Server\3.4\bin;C:\Program Files\MySQL\MySQL Utilities 1.6\;C:\OpenSSL-Win64;C:\Program Files\TortoiseSVN\bin;C:\WINDOWS\system32;C:\WINDOWS;C:\WINDOWS\System32\Wbem;C:\WINDOWS\System32\WindowsPowerShell\v1.0\;C:\Users\nami\AppData\Roaming\nvm;C:\Program Files\nodejs;C:\Users\nami\AppData\Local\Microsoft\WindowsApps;C:\Program Files (x86)\Microsoft VS Code\bin;C:\Users\nami\AppData\Roaming\npm;C:\Users\nami\AppData\Local\GitHubDesktop\bin;C:\Users\nami\AppData\Local\Microsoft\WindowsApps;C:\Users\nami\AppData\Roaming\nvm;C:\Program Files\nodejs
10 verbose lifecycle agency@3.3.7~start: CWD: D:\1. POPCORNSAR\1. Dev\1. Webapp\02_개편 웹페이지(2017.08~)\04_ Project\popcornsar.new_ver2
11 silly lifecycle agency@3.3.7~start: Args: [ '/d /s /c', 'nodemon ./bin/www.js' ]
12 silly lifecycle agency@3.3.7~start: Returned: code: 3221225786  signal: null
13 info lifecycle agency@3.3.7~start: Failed to exec start script
14 verbose stack Error: agency@3.3.7 start: `nodemon ./bin/www.js`
14 verbose stack Exit status 3221225786
14 verbose stack     at EventEmitter.<anonymous> (C:\Program Files\nodejs\node_modules\npm\lib\utils\lifecycle.js:255:16)
14 verbose stack     at emitTwo (events.js:106:13)
14 verbose stack     at EventEmitter.emit (events.js:191:7)
14 verbose stack     at ChildProcess.<anonymous> (C:\Program Files\nodejs\node_modules\npm\lib\utils\spawn.js:40:14)
14 verbose stack     at emitTwo (events.js:106:13)
14 verbose stack     at ChildProcess.emit (events.js:191:7)
14 verbose stack     at maybeClose (internal/child_process.js:891:16)
14 verbose stack     at Process.ChildProcess._handle.onexit (internal/child_process.js:226:5)
15 verbose pkgid agency@3.3.7
16 verbose cwd D:\1. POPCORNSAR\1. Dev\1. Webapp\02_개편 웹페이지(2017.08~)\04_ Project\popcornsar.new_ver2
17 error Windows_NT 10.0.16299
18 error argv "C:\\Program Files\\nodejs\\node.exe" "C:\\Program Files\\nodejs\\node_modules\\npm\\bin\\npm-cli.js" "start"
19 error node v6.11.2
20 error npm  v3.10.10
21 error code ELIFECYCLE
22 error agency@3.3.7 start: `nodemon ./bin/www.js`
22 error Exit status 3221225786
23 error Failed at the agency@3.3.7 start script 'nodemon ./bin/www.js'.
23 error Make sure you have the latest version of node.js and npm installed.
23 error If you do, this is most likely a problem with the agency package,
23 error not with npm itself.
23 error Tell the author that this fails on your system:
23 error     nodemon ./bin/www.js
23 error You can get information on how to open an issue for this project with:
23 error     npm bugs agency
23 error Or if that isn't available, you can get their info via:
23 error     npm owner ls agency
23 error There is likely additional logging output above.
24 verbose exit [ 1, true ]
